{"C:\\Users\\Khoa\\Desktop\\asim-test\\index.ts": {"path":"C:\\Users\\Khoa\\Desktop\\asim-test\\index.ts","statementMap":{"0":{"start":{"line":11,"column":0},"end":{"line":32,"column":5}},"1":{"start":{"line":12,"column":2},"end":{"line":31,"column":3}},"2":{"start":{"line":13,"column":17},"end":{"line":13,"column":35}},"3":{"start":{"line":14,"column":4},"end":{"line":14,"column":20}},"4":{"start":{"line":15,"column":4},"end":{"line":15,"column":17}},"5":{"start":{"line":16,"column":4},"end":{"line":16,"column":21}},"6":{"start":{"line":30,"column":4},"end":{"line":30,"column":41}},"7":{"start":{"line":35,"column":12},"end":{"line":35,"column":21}},"8":{"start":{"line":36,"column":0},"end":{"line":36,"column":24}},"9":{"start":{"line":37,"column":0},"end":{"line":37,"column":49}},"10":{"start":{"line":40,"column":0},"end":{"line":40,"column":16}},"11":{"start":{"line":43,"column":0},"end":{"line":45,"column":2}},"12":{"start":{"line":44,"column":2},"end":{"line":44,"column":52}},"13":{"start":{"line":48,"column":0},"end":{"line":48,"column":24}},"14":{"start":{"line":51,"column":0},"end":{"line":51,"column":78}},"15":{"start":{"line":51,"column":29},"end":{"line":51,"column":74}}},"fnMap":{"0":{"name":"(anonymous_0)","decl":{"start":{"line":11,"column":1},"end":{"line":11,"column":2}},"loc":{"start":{"line":11,"column":13},"end":{"line":32,"column":1}},"line":11},"1":{"name":"(anonymous_1)","decl":{"start":{"line":43,"column":13},"end":{"line":43,"column":14}},"loc":{"start":{"line":43,"column":27},"end":{"line":45,"column":1}},"line":43},"2":{"name":"(anonymous_2)","decl":{"start":{"line":51,"column":21},"end":{"line":51,"column":22}},"loc":{"start":{"line":51,"column":27},"end":{"line":51,"column":76}},"line":51}},"branchMap":{},"s":{"0":1,"1":1,"2":1,"3":1,"4":1,"5":1,"6":0,"7":1,"8":1,"9":1,"10":1,"11":1,"12":0,"13":1,"14":1,"15":1},"f":{"0":1,"1":0,"2":1},"b":{},"_coverageSchema":"1a1c01bbd47fc00a2c39e90264f33305004495a9","hash":"aed4be5f3b501b61eea8ffae712e4b0df6e45070"}
,"C:\\Users\\Khoa\\Desktop\\asim-test\\configs\\env.ts": {"path":"C:\\Users\\Khoa\\Desktop\\asim-test\\configs\\env.ts","statementMap":{"0":{"start":{"line":3,"column":0},"end":{"line":3,"column":15}},"1":{"start":{"line":5,"column":26},"end":{"line":5,"column":56}},"2":{"start":{"line":6,"column":23},"end":{"line":6,"column":57}},"3":{"start":{"line":7,"column":27},"end":{"line":7,"column":50}},"4":{"start":{"line":8,"column":27},"end":{"line":8,"column":50}},"5":{"start":{"line":9,"column":23},"end":{"line":9,"column":58}},"6":{"start":{"line":10,"column":23},"end":{"line":10,"column":61}},"7":{"start":{"line":11,"column":28},"end":{"line":11,"column":76}},"8":{"start":{"line":12,"column":24},"end":{"line":12,"column":52}},"9":{"start":{"line":13,"column":24},"end":{"line":13,"column":58}},"10":{"start":{"line":14,"column":19},"end":{"line":14,"column":39}}},"fnMap":{},"branchMap":{"0":{"loc":{"start":{"line":5,"column":26},"end":{"line":5,"column":56}},"type":"binary-expr","locations":[{"start":{"line":5,"column":26},"end":{"line":5,"column":48}},{"start":{"line":5,"column":52},"end":{"line":5,"column":56}}],"line":5},"1":{"loc":{"start":{"line":6,"column":23},"end":{"line":6,"column":57}},"type":"binary-expr","locations":[{"start":{"line":6,"column":23},"end":{"line":6,"column":42}},{"start":{"line":6,"column":46},"end":{"line":6,"column":57}}],"line":6},"2":{"loc":{"start":{"line":9,"column":23},"end":{"line":9,"column":58}},"type":"binary-expr","locations":[{"start":{"line":9,"column":23},"end":{"line":9,"column":50}},{"start":{"line":9,"column":54},"end":{"line":9,"column":58}}],"line":9},"3":{"loc":{"start":{"line":10,"column":23},"end":{"line":10,"column":61}},"type":"binary-expr","locations":[{"start":{"line":10,"column":23},"end":{"line":10,"column":42}},{"start":{"line":10,"column":46},"end":{"line":10,"column":61}}],"line":10},"4":{"loc":{"start":{"line":11,"column":28},"end":{"line":11,"column":76}},"type":"binary-expr","locations":[{"start":{"line":11,"column":28},"end":{"line":11,"column":52}},{"start":{"line":11,"column":56},"end":{"line":11,"column":76}}],"line":11},"5":{"loc":{"start":{"line":12,"column":24},"end":{"line":12,"column":52}},"type":"binary-expr","locations":[{"start":{"line":12,"column":24},"end":{"line":12,"column":44}},{"start":{"line":12,"column":48},"end":{"line":12,"column":52}}],"line":12},"6":{"loc":{"start":{"line":13,"column":24},"end":{"line":13,"column":58}},"type":"binary-expr","locations":[{"start":{"line":13,"column":24},"end":{"line":13,"column":52}},{"start":{"line":13,"column":56},"end":{"line":13,"column":58}}],"line":13}},"s":{"0":1,"1":1,"2":1,"3":1,"4":1,"5":1,"6":1,"7":1,"8":1,"9":1,"10":1},"f":{},"b":{"0":[1,1],"1":[1,1],"2":[1,1],"3":[1,1],"4":[1,1],"5":[1,1],"6":[1,1]},"_coverageSchema":"1a1c01bbd47fc00a2c39e90264f33305004495a9","hash":"832eaf5281cf439f19059c72cce3cff7b7cda6f2"}
,"C:\\Users\\Khoa\\Desktop\\asim-test\\controllers\\club.ts": {"path":"C:\\Users\\Khoa\\Desktop\\asim-test\\controllers\\club.ts","statementMap":{"0":{"start":{"line":5,"column":27},"end":{"line":21,"column":1}},"1":{"start":{"line":10,"column":6},"end":{"line":10,"column":15}},"2":{"start":{"line":11,"column":2},"end":{"line":11,"column":26}},"3":{"start":{"line":12,"column":17},"end":{"line":12,"column":38}},"4":{"start":{"line":13,"column":15},"end":{"line":13,"column":67}},"5":{"start":{"line":14,"column":2},"end":{"line":20,"column":5}},"6":{"start":{"line":23,"column":26},"end":{"line":31,"column":1}},"7":{"start":{"line":24,"column":17},"end":{"line":24,"column":30}},"8":{"start":{"line":25,"column":15},"end":{"line":25,"column":36}},"9":{"start":{"line":26,"column":2},"end":{"line":30,"column":3}},"10":{"start":{"line":27,"column":4},"end":{"line":27,"column":19}},"11":{"start":{"line":29,"column":4},"end":{"line":29,"column":26}},"12":{"start":{"line":33,"column":26},"end":{"line":44,"column":1}},"13":{"start":{"line":34,"column":34},"end":{"line":34,"column":42}},"14":{"start":{"line":35,"column":2},"end":{"line":37,"column":3}},"15":{"start":{"line":36,"column":4},"end":{"line":36,"column":26}},"16":{"start":{"line":38,"column":15},"end":{"line":38,"column":75}},"17":{"start":{"line":39,"column":2},"end":{"line":43,"column":3}},"18":{"start":{"line":40,"column":4},"end":{"line":40,"column":31}},"19":{"start":{"line":42,"column":4},"end":{"line":42,"column":90}},"20":{"start":{"line":46,"column":29},"end":{"line":62,"column":1}},"21":{"start":{"line":47,"column":32},"end":{"line":47,"column":40}},"22":{"start":{"line":48,"column":13},"end":{"line":48,"column":26}},"23":{"start":{"line":49,"column":22},"end":{"line":49,"column":36}},"24":{"start":{"line":50,"column":2},"end":{"line":52,"column":3}},"25":{"start":{"line":51,"column":4},"end":{"line":51,"column":41}},"26":{"start":{"line":53,"column":15},"end":{"line":53,"column":45}},"27":{"start":{"line":54,"column":2},"end":{"line":61,"column":3}},"28":{"start":{"line":55,"column":4},"end":{"line":55,"column":31}},"29":{"start":{"line":57,"column":4},"end":{"line":59,"column":5}},"30":{"start":{"line":58,"column":6},"end":{"line":58,"column":27}},"31":{"start":{"line":60,"column":4},"end":{"line":60,"column":81}},"32":{"start":{"line":64,"column":29},"end":{"line":72,"column":1}},"33":{"start":{"line":65,"column":13},"end":{"line":65,"column":26}},"34":{"start":{"line":66,"column":15},"end":{"line":66,"column":35}},"35":{"start":{"line":67,"column":2},"end":{"line":71,"column":3}},"36":{"start":{"line":68,"column":4},"end":{"line":68,"column":31}},"37":{"start":{"line":70,"column":4},"end":{"line":70,"column":32}}},"fnMap":{"0":{"name":"(anonymous_0)","decl":{"start":{"line":5,"column":27},"end":{"line":5,"column":28}},"loc":{"start":{"line":5,"column":62},"end":{"line":21,"column":1}},"line":5},"1":{"name":"(anonymous_1)","decl":{"start":{"line":23,"column":26},"end":{"line":23,"column":27}},"loc":{"start":{"line":23,"column":61},"end":{"line":31,"column":1}},"line":23},"2":{"name":"(anonymous_2)","decl":{"start":{"line":33,"column":26},"end":{"line":33,"column":27}},"loc":{"start":{"line":33,"column":61},"end":{"line":44,"column":1}},"line":33},"3":{"name":"(anonymous_3)","decl":{"start":{"line":46,"column":29},"end":{"line":46,"column":30}},"loc":{"start":{"line":46,"column":64},"end":{"line":62,"column":1}},"line":46},"4":{"name":"(anonymous_4)","decl":{"start":{"line":64,"column":29},"end":{"line":64,"column":30}},"loc":{"start":{"line":64,"column":64},"end":{"line":72,"column":1}},"line":64}},"branchMap":{"0":{"loc":{"start":{"line":11,"column":9},"end":{"line":11,"column":26}},"type":"binary-expr","locations":[{"start":{"line":11,"column":9},"end":{"line":11,"column":21}},{"start":{"line":11,"column":25},"end":{"line":11,"column":26}}],"line":11},"1":{"loc":{"start":{"line":26,"column":2},"end":{"line":30,"column":3}},"type":"if","locations":[{"start":{"line":26,"column":2},"end":{"line":30,"column":3}},{"start":{"line":26,"column":2},"end":{"line":30,"column":3}}],"line":26},"2":{"loc":{"start":{"line":35,"column":2},"end":{"line":37,"column":3}},"type":"if","locations":[{"start":{"line":35,"column":2},"end":{"line":37,"column":3}},{"start":{"line":35,"column":2},"end":{"line":37,"column":3}}],"line":35},"3":{"loc":{"start":{"line":35,"column":6},"end":{"line":35,"column":32}},"type":"binary-expr","locations":[{"start":{"line":35,"column":6},"end":{"line":35,"column":14}},{"start":{"line":35,"column":18},"end":{"line":35,"column":23}},{"start":{"line":35,"column":27},"end":{"line":35,"column":32}}],"line":35},"4":{"loc":{"start":{"line":39,"column":2},"end":{"line":43,"column":3}},"type":"if","locations":[{"start":{"line":39,"column":2},"end":{"line":43,"column":3}},{"start":{"line":39,"column":2},"end":{"line":43,"column":3}}],"line":39},"5":{"loc":{"start":{"line":50,"column":2},"end":{"line":52,"column":3}},"type":"if","locations":[{"start":{"line":50,"column":2},"end":{"line":52,"column":3}},{"start":{"line":50,"column":2},"end":{"line":52,"column":3}}],"line":50},"6":{"loc":{"start":{"line":54,"column":2},"end":{"line":61,"column":3}},"type":"if","locations":[{"start":{"line":54,"column":2},"end":{"line":61,"column":3}},{"start":{"line":54,"column":2},"end":{"line":61,"column":3}}],"line":54},"7":{"loc":{"start":{"line":54,"column":6},"end":{"line":54,"column":21}},"type":"binary-expr","locations":[{"start":{"line":54,"column":6},"end":{"line":54,"column":10}},{"start":{"line":54,"column":14},"end":{"line":54,"column":21}}],"line":54},"8":{"loc":{"start":{"line":57,"column":4},"end":{"line":59,"column":5}},"type":"if","locations":[{"start":{"line":57,"column":4},"end":{"line":59,"column":5}},{"start":{"line":57,"column":4},"end":{"line":59,"column":5}}],"line":57},"9":{"loc":{"start":{"line":67,"column":2},"end":{"line":71,"column":3}},"type":"if","locations":[{"start":{"line":67,"column":2},"end":{"line":71,"column":3}},{"start":{"line":67,"column":2},"end":{"line":71,"column":3}}],"line":67}},"s":{"0":1,"1":4,"2":4,"3":4,"4":4,"5":4,"6":1,"7":7,"8":7,"9":7,"10":4,"11":3,"12":1,"13":1,"14":1,"15":0,"16":1,"17":1,"18":1,"19":0,"20":1,"21":3,"22":3,"23":3,"24":3,"25":2,"26":3,"27":3,"28":2,"29":1,"30":1,"31":1,"32":1,"33":1,"34":1,"35":1,"36":1,"37":0},"f":{"0":4,"1":7,"2":1,"3":3,"4":1},"b":{"0":[4,2],"1":[4,3],"2":[0,1],"3":[1,1,1],"4":[1,0],"5":[2,1],"6":[2,1],"7":[3,3],"8":[1,0],"9":[1,0]},"_coverageSchema":"1a1c01bbd47fc00a2c39e90264f33305004495a9","hash":"8665c2fbc25ea3983856cb4da128b754f36b9d8d"}
,"C:\\Users\\Khoa\\Desktop\\asim-test\\controllers\\index.ts": {"path":"C:\\Users\\Khoa\\Desktop\\asim-test\\controllers\\index.ts","statementMap":{},"fnMap":{},"branchMap":{},"s":{},"f":{},"b":{},"_coverageSchema":"1a1c01bbd47fc00a2c39e90264f33305004495a9","hash":"8b48f6f4a35c173770e5787f5174c43ae269afc3"}
,"C:\\Users\\Khoa\\Desktop\\asim-test\\db\\index.ts": {"path":"C:\\Users\\Khoa\\Desktop\\asim-test\\db\\index.ts","statementMap":{"0":{"start":{"line":9,"column":25},"end":{"line":27,"column":1}},"1":{"start":{"line":10,"column":2},"end":{"line":26,"column":4}},"2":{"start":{"line":29,"column":16},"end":{"line":39,"column":1}},"3":{"start":{"line":30,"column":15},"end":{"line":30,"column":33}},"4":{"start":{"line":31,"column":2},"end":{"line":38,"column":3}},"5":{"start":{"line":32,"column":4},"end":{"line":32,"column":32}},"6":{"start":{"line":33,"column":4},"end":{"line":33,"column":39}},"7":{"start":{"line":35,"column":4},"end":{"line":35,"column":46}},"8":{"start":{"line":37,"column":4},"end":{"line":37,"column":19}},"9":{"start":{"line":41,"column":13},"end":{"line":55,"column":1}},"10":{"start":{"line":42,"column":15},"end":{"line":42,"column":33}},"11":{"start":{"line":43,"column":2},"end":{"line":54,"column":3}},"12":{"start":{"line":44,"column":4},"end":{"line":49,"column":5}},"13":{"start":{"line":45,"column":6},"end":{"line":45,"column":48}},"14":{"start":{"line":47,"column":6},"end":{"line":47,"column":28}},"15":{"start":{"line":48,"column":6},"end":{"line":48,"column":39}},"16":{"start":{"line":51,"column":4},"end":{"line":51,"column":44}},"17":{"start":{"line":53,"column":4},"end":{"line":53,"column":19}}},"fnMap":{"0":{"name":"(anonymous_0)","decl":{"start":{"line":9,"column":25},"end":{"line":9,"column":26}},"loc":{"start":{"line":9,"column":31},"end":{"line":27,"column":1}},"line":9},"1":{"name":"(anonymous_1)","decl":{"start":{"line":29,"column":16},"end":{"line":29,"column":17}},"loc":{"start":{"line":29,"column":28},"end":{"line":39,"column":1}},"line":29},"2":{"name":"(anonymous_2)","decl":{"start":{"line":41,"column":13},"end":{"line":41,"column":14}},"loc":{"start":{"line":41,"column":25},"end":{"line":55,"column":1}},"line":41}},"branchMap":{"0":{"loc":{"start":{"line":17,"column":16},"end":{"line":17,"column":55}},"type":"cond-expr","locations":[{"start":{"line":17,"column":33},"end":{"line":17,"column":45}},{"start":{"line":17,"column":48},"end":{"line":17,"column":55}}],"line":17},"1":{"loc":{"start":{"line":20,"column":17},"end":{"line":20,"column":51}},"type":"cond-expr","locations":[{"start":{"line":20,"column":40},"end":{"line":20,"column":44}},{"start":{"line":20,"column":47},"end":{"line":20,"column":51}}],"line":20},"2":{"loc":{"start":{"line":44,"column":4},"end":{"line":49,"column":5}},"type":"if","locations":[{"start":{"line":44,"column":4},"end":{"line":49,"column":5}},{"start":{"line":44,"column":4},"end":{"line":49,"column":5}}],"line":44}},"s":{"0":1,"1":6,"2":1,"3":2,"4":2,"5":2,"6":2,"7":0,"8":2,"9":1,"10":2,"11":2,"12":2,"13":2,"14":0,"15":0,"16":0,"17":2},"f":{"0":6,"1":2,"2":2},"b":{"0":[6,0],"1":[0,6],"2":[2,0]},"_coverageSchema":"1a1c01bbd47fc00a2c39e90264f33305004495a9","hash":"a3cfb3d77a1d3b338557b145c7143cc1aa1d1737"}
,"C:\\Users\\Khoa\\Desktop\\asim-test\\models\\club.ts": {"path":"C:\\Users\\Khoa\\Desktop\\asim-test\\models\\club.ts","statementMap":{"0":{"start":{"line":15,"column":4},"end":{"line":15,"column":18}},"1":{"start":{"line":18,"column":7},"end":{"line":18,"column":23}},"2":{"start":{"line":19,"column":9},"end":{"line":19,"column":25}},"3":{"start":{"line":20,"column":9},"end":{"line":20,"column":25}},"4":{"start":{"line":21,"column":12},"end":{"line":21,"column":28}},"5":{"start":{"line":23,"column":29},"end":{"line":31,"column":3}},"6":{"start":{"line":26,"column":6},"end":{"line":26,"column":17}},"7":{"start":{"line":29,"column":6},"end":{"line":29,"column":17}},"8":{"start":{"line":34,"column":4},"end":{"line":43,"column":5}},"9":{"start":{"line":47,"column":4},"end":{"line":53,"column":7}},"10":{"start":{"line":48,"column":6},"end":{"line":52,"column":9}},"11":{"start":{"line":49,"column":8},"end":{"line":51,"column":9}},"12":{"start":{"line":50,"column":10},"end":{"line":50,"column":55}}},"fnMap":{"0":{"name":"(anonymous_0)","decl":{"start":{"line":14,"column":2},"end":{"line":14,"column":3}},"loc":{"start":{"line":14,"column":25},"end":{"line":16,"column":3}},"line":14},"1":{"name":"(anonymous_1)","decl":{"start":{"line":24,"column":11},"end":{"line":24,"column":12}},"loc":{"start":{"line":24,"column":25},"end":{"line":27,"column":5}},"line":24},"2":{"name":"(anonymous_2)","decl":{"start":{"line":28,"column":12},"end":{"line":28,"column":13}},"loc":{"start":{"line":28,"column":26},"end":{"line":30,"column":5}},"line":28},"3":{"name":"(anonymous_3)","decl":{"start":{"line":33,"column":2},"end":{"line":33,"column":3}},"loc":{"start":{"line":33,"column":32},"end":{"line":44,"column":3}},"line":33},"4":{"name":"(anonymous_4)","decl":{"start":{"line":46,"column":2},"end":{"line":46,"column":3}},"loc":{"start":{"line":46,"column":31},"end":{"line":54,"column":3}},"line":46},"5":{"name":"(anonymous_5)","decl":{"start":{"line":47,"column":44},"end":{"line":47,"column":45}},"loc":{"start":{"line":47,"column":64},"end":{"line":53,"column":5}},"line":47},"6":{"name":"(anonymous_6)","decl":{"start":{"line":48,"column":35},"end":{"line":48,"column":36}},"loc":{"start":{"line":48,"column":55},"end":{"line":52,"column":7}},"line":48}},"branchMap":{"0":{"loc":{"start":{"line":49,"column":8},"end":{"line":51,"column":9}},"type":"if","locations":[{"start":{"line":49,"column":8},"end":{"line":51,"column":9}},{"start":{"line":49,"column":8},"end":{"line":51,"column":9}}],"line":49}},"s":{"0":189,"1":53,"2":53,"3":53,"4":53,"5":1,"6":46,"7":13,"8":1,"9":27,"10":27,"11":23,"12":0},"f":{"0":189,"1":46,"2":13,"3":1,"4":27,"5":27,"6":23},"b":{"0":[0,23]},"_coverageSchema":"1a1c01bbd47fc00a2c39e90264f33305004495a9","hash":"d7e436d35587721f12f96bf6f52d8ae58cda1f1d"}
,"C:\\Users\\Khoa\\Desktop\\asim-test\\models\\country.ts": {"path":"C:\\Users\\Khoa\\Desktop\\asim-test\\models\\country.ts","statementMap":{"0":{"start":{"line":12,"column":4},"end":{"line":12,"column":21}},"1":{"start":{"line":15,"column":7},"end":{"line":15,"column":23}},"2":{"start":{"line":16,"column":9},"end":{"line":16,"column":25}},"3":{"start":{"line":19,"column":4},"end":{"line":25,"column":7}},"4":{"start":{"line":20,"column":6},"end":{"line":24,"column":9}},"5":{"start":{"line":21,"column":8},"end":{"line":23,"column":9}},"6":{"start":{"line":22,"column":10},"end":{"line":22,"column":55}}},"fnMap":{"0":{"name":"(anonymous_0)","decl":{"start":{"line":11,"column":2},"end":{"line":11,"column":3}},"loc":{"start":{"line":11,"column":25},"end":{"line":13,"column":3}},"line":11},"1":{"name":"(anonymous_1)","decl":{"start":{"line":18,"column":2},"end":{"line":18,"column":3}},"loc":{"start":{"line":18,"column":31},"end":{"line":26,"column":3}},"line":18},"2":{"name":"(anonymous_2)","decl":{"start":{"line":19,"column":44},"end":{"line":19,"column":45}},"loc":{"start":{"line":19,"column":64},"end":{"line":25,"column":5}},"line":19},"3":{"name":"(anonymous_3)","decl":{"start":{"line":20,"column":35},"end":{"line":20,"column":36}},"loc":{"start":{"line":20,"column":55},"end":{"line":24,"column":7}},"line":20}},"branchMap":{"0":{"loc":{"start":{"line":21,"column":8},"end":{"line":23,"column":9}},"type":"if","locations":[{"start":{"line":21,"column":8},"end":{"line":23,"column":9}},{"start":{"line":21,"column":8},"end":{"line":23,"column":9}}],"line":21}},"s":{"0":203,"1":31,"2":31,"3":25,"4":25,"5":25,"6":0},"f":{"0":203,"1":25,"2":25,"3":25},"b":{"0":[0,25]},"_coverageSchema":"1a1c01bbd47fc00a2c39e90264f33305004495a9","hash":"659f957d90d1b68f36b0a4c0133843440738c613"}
,"C:\\Users\\Khoa\\Desktop\\asim-test\\models\\index.ts": {"path":"C:\\Users\\Khoa\\Desktop\\asim-test\\models\\index.ts","statementMap":{},"fnMap":{},"branchMap":{},"s":{},"f":{},"b":{},"_coverageSchema":"1a1c01bbd47fc00a2c39e90264f33305004495a9","hash":"f833e75f838687829cf7c8c626eed8b89b07d0ab"}
,"C:\\Users\\Khoa\\Desktop\\asim-test\\routes\\index.ts": {"path":"C:\\Users\\Khoa\\Desktop\\asim-test\\routes\\index.ts","statementMap":{"0":{"start":{"line":10,"column":15},"end":{"line":10,"column":31}},"1":{"start":{"line":12,"column":0},"end":{"line":17,"column":2}},"2":{"start":{"line":13,"column":2},"end":{"line":15,"column":3}},"3":{"start":{"line":14,"column":4},"end":{"line":14,"column":47}},"4":{"start":{"line":16,"column":2},"end":{"line":16,"column":8}},"5":{"start":{"line":19,"column":0},"end":{"line":19,"column":44}},"6":{"start":{"line":21,"column":0},"end":{"line":21,"column":41}},"7":{"start":{"line":23,"column":0},"end":{"line":23,"column":41}},"8":{"start":{"line":25,"column":0},"end":{"line":25,"column":47}},"9":{"start":{"line":27,"column":0},"end":{"line":27,"column":50}}},"fnMap":{"0":{"name":"(anonymous_0)","decl":{"start":{"line":12,"column":11},"end":{"line":12,"column":12}},"loc":{"start":{"line":12,"column":31},"end":{"line":17,"column":1}},"line":12}},"branchMap":{"0":{"loc":{"start":{"line":13,"column":2},"end":{"line":15,"column":3}},"type":"if","locations":[{"start":{"line":13,"column":2},"end":{"line":15,"column":3}},{"start":{"line":13,"column":2},"end":{"line":15,"column":3}}],"line":13},"1":{"loc":{"start":{"line":13,"column":6},"end":{"line":13,"column":45}},"type":"binary-expr","locations":[{"start":{"line":13,"column":6},"end":{"line":13,"column":19}},{"start":{"line":13,"column":23},"end":{"line":13,"column":45}}],"line":13}},"s":{"0":1,"1":1,"2":16,"3":0,"4":16,"5":1,"6":1,"7":1,"8":1,"9":1},"f":{"0":16},"b":{"0":[0,16],"1":[16,0]},"_coverageSchema":"1a1c01bbd47fc00a2c39e90264f33305004495a9","hash":"5434912579f844bdab4404143edafa94cdfdc2a3"}
,"C:\\Users\\Khoa\\Desktop\\asim-test\\services\\club.ts": {"path":"C:\\Users\\Khoa\\Desktop\\asim-test\\services\\club.ts","statementMap":{"0":{"start":{"line":3,"column":17},"end":{"line":27,"column":1}},"1":{"start":{"line":4,"column":16},"end":{"line":4,"column":28}},"2":{"start":{"line":5,"column":2},"end":{"line":5,"column":23}},"3":{"start":{"line":6,"column":2},"end":{"line":8,"column":3}},"4":{"start":{"line":7,"column":4},"end":{"line":7,"column":48}},"5":{"start":{"line":9,"column":2},"end":{"line":11,"column":3}},"6":{"start":{"line":10,"column":4},"end":{"line":10,"column":38}},"7":{"start":{"line":12,"column":22},"end":{"line":12,"column":46}},"8":{"start":{"line":13,"column":2},"end":{"line":15,"column":3}},"9":{"start":{"line":14,"column":4},"end":{"line":14,"column":23}},"10":{"start":{"line":16,"column":2},"end":{"line":18,"column":3}},"11":{"start":{"line":17,"column":4},"end":{"line":17,"column":58}},"12":{"start":{"line":19,"column":15},"end":{"line":19,"column":41}},"13":{"start":{"line":21,"column":2},"end":{"line":21,"column":48}},"14":{"start":{"line":21,"column":20},"end":{"line":21,"column":46}},"15":{"start":{"line":23,"column":2},"end":{"line":26,"column":4}},"16":{"start":{"line":29,"column":16},"end":{"line":35,"column":1}},"17":{"start":{"line":30,"column":20},"end":{"line":30,"column":99}},"18":{"start":{"line":31,"column":2},"end":{"line":33,"column":3}},"19":{"start":{"line":32,"column":4},"end":{"line":32,"column":37}},"20":{"start":{"line":34,"column":2},"end":{"line":34,"column":14}},"21":{"start":{"line":38,"column":19},"end":{"line":59,"column":1}},"22":{"start":{"line":39,"column":14},"end":{"line":39,"column":26}},"23":{"start":{"line":40,"column":2},"end":{"line":45,"column":3}},"24":{"start":{"line":41,"column":4},"end":{"line":41,"column":21}},"25":{"start":{"line":42,"column":4},"end":{"line":44,"column":5}},"26":{"start":{"line":43,"column":6},"end":{"line":43,"column":22}},"27":{"start":{"line":46,"column":2},"end":{"line":51,"column":3}},"28":{"start":{"line":47,"column":20},"end":{"line":47,"column":83}},"29":{"start":{"line":48,"column":4},"end":{"line":50,"column":5}},"30":{"start":{"line":49,"column":6},"end":{"line":49,"column":33}},"31":{"start":{"line":52,"column":20},"end":{"line":54,"column":31}},"32":{"start":{"line":54,"column":16},"end":{"line":54,"column":30}},"33":{"start":{"line":55,"column":2},"end":{"line":57,"column":3}},"34":{"start":{"line":56,"column":4},"end":{"line":56,"column":37}},"35":{"start":{"line":58,"column":2},"end":{"line":58,"column":14}},"36":{"start":{"line":61,"column":19},"end":{"line":61,"column":62}},"37":{"start":{"line":61,"column":35},"end":{"line":61,"column":62}}},"fnMap":{"0":{"name":"(anonymous_0)","decl":{"start":{"line":3,"column":17},"end":{"line":3,"column":18}},"loc":{"start":{"line":3,"column":90},"end":{"line":27,"column":1}},"line":3},"1":{"name":"(anonymous_1)","decl":{"start":{"line":21,"column":15},"end":{"line":21,"column":16}},"loc":{"start":{"line":21,"column":20},"end":{"line":21,"column":46}},"line":21},"2":{"name":"(anonymous_2)","decl":{"start":{"line":29,"column":16},"end":{"line":29,"column":17}},"loc":{"start":{"line":29,"column":38},"end":{"line":35,"column":1}},"line":29},"3":{"name":"(anonymous_3)","decl":{"start":{"line":38,"column":19},"end":{"line":38,"column":20}},"loc":{"start":{"line":38,"column":57},"end":{"line":59,"column":1}},"line":38},"4":{"name":"(anonymous_4)","decl":{"start":{"line":54,"column":11},"end":{"line":54,"column":12}},"loc":{"start":{"line":54,"column":16},"end":{"line":54,"column":30}},"line":54},"5":{"name":"(anonymous_5)","decl":{"start":{"line":61,"column":19},"end":{"line":61,"column":20}},"loc":{"start":{"line":61,"column":35},"end":{"line":61,"column":62}},"line":61}},"branchMap":{"0":{"loc":{"start":{"line":5,"column":11},"end":{"line":5,"column":22}},"type":"binary-expr","locations":[{"start":{"line":5,"column":11},"end":{"line":5,"column":17}},{"start":{"line":5,"column":21},"end":{"line":5,"column":22}}],"line":5},"1":{"loc":{"start":{"line":6,"column":2},"end":{"line":8,"column":3}},"type":"if","locations":[{"start":{"line":6,"column":2},"end":{"line":8,"column":3}},{"start":{"line":6,"column":2},"end":{"line":8,"column":3}}],"line":6},"2":{"loc":{"start":{"line":9,"column":2},"end":{"line":11,"column":3}},"type":"if","locations":[{"start":{"line":9,"column":2},"end":{"line":11,"column":3}},{"start":{"line":9,"column":2},"end":{"line":11,"column":3}}],"line":9},"3":{"loc":{"start":{"line":13,"column":2},"end":{"line":15,"column":3}},"type":"if","locations":[{"start":{"line":13,"column":2},"end":{"line":15,"column":3}},{"start":{"line":13,"column":2},"end":{"line":15,"column":3}}],"line":13},"4":{"loc":{"start":{"line":16,"column":2},"end":{"line":18,"column":3}},"type":"if","locations":[{"start":{"line":16,"column":2},"end":{"line":18,"column":3}},{"start":{"line":16,"column":2},"end":{"line":18,"column":3}}],"line":16},"5":{"loc":{"start":{"line":31,"column":2},"end":{"line":33,"column":3}},"type":"if","locations":[{"start":{"line":31,"column":2},"end":{"line":33,"column":3}},{"start":{"line":31,"column":2},"end":{"line":33,"column":3}}],"line":31},"6":{"loc":{"start":{"line":40,"column":2},"end":{"line":45,"column":3}},"type":"if","locations":[{"start":{"line":40,"column":2},"end":{"line":45,"column":3}},{"start":{"line":40,"column":2},"end":{"line":45,"column":3}}],"line":40},"7":{"loc":{"start":{"line":42,"column":4},"end":{"line":44,"column":5}},"type":"if","locations":[{"start":{"line":42,"column":4},"end":{"line":44,"column":5}},{"start":{"line":42,"column":4},"end":{"line":44,"column":5}}],"line":42},"8":{"loc":{"start":{"line":46,"column":2},"end":{"line":51,"column":3}},"type":"if","locations":[{"start":{"line":46,"column":2},"end":{"line":51,"column":3}},{"start":{"line":46,"column":2},"end":{"line":51,"column":3}}],"line":46},"9":{"loc":{"start":{"line":48,"column":4},"end":{"line":50,"column":5}},"type":"if","locations":[{"start":{"line":48,"column":4},"end":{"line":50,"column":5}},{"start":{"line":48,"column":4},"end":{"line":50,"column":5}}],"line":48},"10":{"loc":{"start":{"line":55,"column":2},"end":{"line":57,"column":3}},"type":"if","locations":[{"start":{"line":55,"column":2},"end":{"line":57,"column":3}},{"start":{"line":55,"column":2},"end":{"line":57,"column":3}}],"line":55}},"s":{"0":1,"1":4,"2":4,"3":4,"4":1,"5":4,"6":1,"7":4,"8":4,"9":4,"10":4,"11":4,"12":4,"13":4,"14":31,"15":4,"16":1,"17":7,"18":7,"19":4,"20":7,"21":1,"22":4,"23":4,"24":3,"25":3,"26":1,"27":3,"28":3,"29":3,"30":3,"31":3,"32":0,"33":3,"34":3,"35":3,"36":1,"37":1},"f":{"0":4,"1":31,"2":7,"3":4,"4":0,"5":1},"b":{"0":[4,2],"1":[1,3],"2":[1,3],"3":[4,0],"4":[4,0],"5":[4,3],"6":[3,1],"7":[1,2],"8":[3,0],"9":[3,0],"10":[3,0]},"_coverageSchema":"1a1c01bbd47fc00a2c39e90264f33305004495a9","hash":"31c165bcf3aca7580cc2aad3ac6953d002ff3d29"}
,"C:\\Users\\Khoa\\Desktop\\asim-test\\services\\index.ts": {"path":"C:\\Users\\Khoa\\Desktop\\asim-test\\services\\index.ts","statementMap":{},"fnMap":{},"branchMap":{},"s":{},"f":{},"b":{},"_coverageSchema":"1a1c01bbd47fc00a2c39e90264f33305004495a9","hash":"f26367f76ce6056966aaa754a479ada62170f855"}
}
