TN:
SF:index.ts
FN:11,(anonymous_0)
FN:43,(anonymous_1)
FN:51,(anonymous_2)
FNF:3
FNH:2
FNDA:1,(anonymous_0)
FNDA:0,(anonymous_1)
FNDA:1,(anonymous_2)
DA:11,1
DA:12,1
DA:13,1
DA:14,1
DA:15,1
DA:16,1
DA:30,0
DA:35,1
DA:36,1
DA:37,1
DA:40,1
DA:43,1
DA:44,0
DA:48,1
DA:51,1
LF:15
LH:13
BRF:0
BRH:0
end_of_record
TN:
SF:configs\env.ts
FNF:0
FNH:0
DA:3,1
DA:5,1
DA:6,1
DA:7,1
DA:8,1
DA:9,1
DA:10,1
DA:11,1
DA:12,1
DA:13,1
DA:14,1
LF:11
LH:11
BRDA:5,0,0,1
BRDA:5,0,1,1
BRDA:6,1,0,1
BRDA:6,1,1,1
BRDA:9,2,0,1
BRDA:9,2,1,1
BRDA:10,3,0,1
BRDA:10,3,1,1
BRDA:11,4,0,1
BRDA:11,4,1,1
BRDA:12,5,0,1
BRDA:12,5,1,1
BRDA:13,6,0,1
BRDA:13,6,1,1
BRF:14
BRH:14
end_of_record
TN:
SF:controllers\club.ts
FN:5,(anonymous_0)
FN:23,(anonymous_1)
FN:33,(anonymous_2)
FN:46,(anonymous_3)
FN:64,(anonymous_4)
FNF:5
FNH:5
FNDA:4,(anonymous_0)
FNDA:7,(anonymous_1)
FNDA:1,(anonymous_2)
FNDA:3,(anonymous_3)
FNDA:1,(anonymous_4)
DA:5,1
DA:10,4
DA:11,4
DA:12,4
DA:13,4
DA:14,4
DA:23,1
DA:24,7
DA:25,7
DA:26,7
DA:27,4
DA:29,3
DA:33,1
DA:34,1
DA:35,1
DA:36,0
DA:38,1
DA:39,1
DA:40,1
DA:42,0
DA:46,1
DA:47,3
DA:48,3
DA:49,3
DA:50,3
DA:51,2
DA:53,3
DA:54,3
DA:55,2
DA:57,1
DA:58,1
DA:60,1
DA:64,1
DA:65,1
DA:66,1
DA:67,1
DA:68,1
DA:70,0
LF:38
LH:35
BRDA:11,0,0,4
BRDA:11,0,1,2
BRDA:26,1,0,4
BRDA:26,1,1,3
BRDA:35,2,0,0
BRDA:35,2,1,1
BRDA:35,3,0,1
BRDA:35,3,1,1
BRDA:35,3,2,1
BRDA:39,4,0,1
BRDA:39,4,1,0
BRDA:50,5,0,2
BRDA:50,5,1,1
BRDA:54,6,0,2
BRDA:54,6,1,1
BRDA:54,7,0,3
BRDA:54,7,1,3
BRDA:57,8,0,1
BRDA:57,8,1,0
BRDA:67,9,0,1
BRDA:67,9,1,0
BRF:21
BRH:17
end_of_record
TN:
SF:controllers\index.ts
FNF:0
FNH:0
LF:0
LH:0
BRF:0
BRH:0
end_of_record
TN:
SF:db\index.ts
FN:9,(anonymous_0)
FN:29,(anonymous_1)
FN:41,(anonymous_2)
FNF:3
FNH:3
FNDA:6,(anonymous_0)
FNDA:2,(anonymous_1)
FNDA:2,(anonymous_2)
DA:9,1
DA:10,6
DA:29,1
DA:30,2
DA:31,2
DA:32,2
DA:33,2
DA:35,0
DA:37,2
DA:41,1
DA:42,2
DA:43,2
DA:44,2
DA:45,2
DA:47,0
DA:48,0
DA:51,0
DA:53,2
LF:18
LH:14
BRDA:17,0,0,6
BRDA:17,0,1,0
BRDA:20,1,0,0
BRDA:20,1,1,6
BRDA:44,2,0,2
BRDA:44,2,1,0
BRF:6
BRH:3
end_of_record
TN:
SF:models\club.ts
FN:14,(anonymous_0)
FN:24,(anonymous_1)
FN:28,(anonymous_2)
FN:33,(anonymous_3)
FN:46,(anonymous_4)
FN:47,(anonymous_5)
FN:48,(anonymous_6)
FNF:7
FNH:7
FNDA:189,(anonymous_0)
FNDA:46,(anonymous_1)
FNDA:13,(anonymous_2)
FNDA:1,(anonymous_3)
FNDA:27,(anonymous_4)
FNDA:27,(anonymous_5)
FNDA:23,(anonymous_6)
DA:15,189
DA:18,53
DA:19,53
DA:20,53
DA:21,53
DA:23,1
DA:26,46
DA:29,13
DA:34,1
DA:47,27
DA:48,27
DA:49,23
DA:50,0
LF:13
LH:12
BRDA:49,0,0,0
BRDA:49,0,1,23
BRF:2
BRH:1
end_of_record
TN:
SF:models\country.ts
FN:11,(anonymous_0)
FN:18,(anonymous_1)
FN:19,(anonymous_2)
FN:20,(anonymous_3)
FNF:4
FNH:4
FNDA:203,(anonymous_0)
FNDA:25,(anonymous_1)
FNDA:25,(anonymous_2)
FNDA:25,(anonymous_3)
DA:12,203
DA:15,31
DA:16,31
DA:19,25
DA:20,25
DA:21,25
DA:22,0
LF:7
LH:6
BRDA:21,0,0,0
BRDA:21,0,1,25
BRF:2
BRH:1
end_of_record
TN:
SF:models\index.ts
FNF:0
FNH:0
LF:0
LH:0
BRF:0
BRH:0
end_of_record
TN:
SF:routes\index.ts
FN:12,(anonymous_0)
FNF:1
FNH:1
FNDA:16,(anonymous_0)
DA:10,1
DA:12,1
DA:13,16
DA:14,0
DA:16,16
DA:19,1
DA:21,1
DA:23,1
DA:25,1
DA:27,1
LF:10
LH:9
BRDA:13,0,0,0
BRDA:13,0,1,16
BRDA:13,1,0,16
BRDA:13,1,1,0
BRF:4
BRH:2
end_of_record
TN:
SF:services\club.ts
FN:3,(anonymous_0)
FN:21,(anonymous_1)
FN:29,(anonymous_2)
FN:38,(anonymous_3)
FN:54,(anonymous_4)
FN:61,(anonymous_5)
FNF:6
FNH:5
FNDA:4,(anonymous_0)
FNDA:31,(anonymous_1)
FNDA:7,(anonymous_2)
FNDA:4,(anonymous_3)
FNDA:0,(anonymous_4)
FNDA:1,(anonymous_5)
DA:3,1
DA:4,4
DA:5,4
DA:6,4
DA:7,1
DA:9,4
DA:10,1
DA:12,4
DA:13,4
DA:14,4
DA:16,4
DA:17,4
DA:19,4
DA:21,31
DA:23,4
DA:29,1
DA:30,7
DA:31,7
DA:32,4
DA:34,7
DA:38,1
DA:39,4
DA:40,4
DA:41,3
DA:42,3
DA:43,1
DA:46,3
DA:47,3
DA:48,3
DA:49,3
DA:52,3
DA:54,0
DA:55,3
DA:56,3
DA:58,3
DA:61,1
LF:36
LH:35
BRDA:5,0,0,4
BRDA:5,0,1,2
BRDA:6,1,0,1
BRDA:6,1,1,3
BRDA:9,2,0,1
BRDA:9,2,1,3
BRDA:13,3,0,4
BRDA:13,3,1,0
BRDA:16,4,0,4
BRDA:16,4,1,0
BRDA:31,5,0,4
BRDA:31,5,1,3
BRDA:40,6,0,3
BRDA:40,6,1,1
BRDA:42,7,0,1
BRDA:42,7,1,2
BRDA:46,8,0,3
BRDA:46,8,1,0
BRDA:48,9,0,3
BRDA:48,9,1,0
BRDA:55,10,0,3
BRDA:55,10,1,0
BRF:22
BRH:17
end_of_record
TN:
SF:services\index.ts
FNF:0
FNH:0
LF:0
LH:0
BRF:0
BRH:0
end_of_record
